CRITICAL - 2024-10-09 05:36:24 --> CodeIgniter\View\Exceptions\ViewException: Invalid file: "includes/footer0includes.php"
[Method: GET, Route: /]
in SYSTEMPATH\Exceptions\FrameworkException.php on line 41.
 1 SYSTEMPATH\View\View.php(222): CodeIgniter\Exceptions\FrameworkException::forInvalidFile('includes/footer0includes.php')
 2 SYSTEMPATH\View\View.php(487): CodeIgniter\View\View->render('includes/footer0includes', null, true)
 3 APPPATH\Views\layout\layout.php(16): CodeIgniter\View\View->include('includes/footer0includes')
 4 SYSTEMPATH\View\View.php(234): include('D:\\wamp64\\www\\work\\DigitalID\\app\\Views\\layout\\layout.php')
 5 SYSTEMPATH\View\View.php(237): CodeIgniter\View\View->CodeIgniter\View\{closure}()
 6 SYSTEMPATH\View\View.php(250): CodeIgniter\View\View->render('layout/layout', [], true)
 7 SYSTEMPATH\Common.php(1171): CodeIgniter\View\View->render('home', [], true)
 8 APPPATH\Controllers\Home.php(9): view('home')
 9 SYSTEMPATH\CodeIgniter.php(933): App\Controllers\Home->index()
10 SYSTEMPATH\CodeIgniter.php(509): CodeIgniter\CodeIgniter->runController(Object(App\Controllers\Home))
11 SYSTEMPATH\CodeIgniter.php(355): CodeIgniter\CodeIgniter->handleRequest(null, Object(Config\Cache), false)
12 SYSTEMPATH\Boot.php(325): CodeIgniter\CodeIgniter->run()
13 SYSTEMPATH\Boot.php(67): CodeIgniter\Boot::runCodeIgniter(Object(CodeIgniter\CodeIgniter))
14 FCPATH\index.php(56): CodeIgniter\Boot::bootWeb(Object(Config\Paths))
15 SYSTEMPATH\rewrite.php(44): require_once('D:\\wamp64\\www\\work\\DigitalID\\public\\index.php')
CRITICAL - 2024-10-09 05:36:28 --> CodeIgniter\View\Exceptions\ViewException: Invalid file: "includes/footer0includes.php"
[Method: GET, Route: /]
in SYSTEMPATH\Exceptions\FrameworkException.php on line 41.
 1 SYSTEMPATH\View\View.php(222): CodeIgniter\Exceptions\FrameworkException::forInvalidFile('includes/footer0includes.php')
 2 SYSTEMPATH\View\View.php(487): CodeIgniter\View\View->render('includes/footer0includes', null, true)
 3 APPPATH\Views\layout\layout.php(16): CodeIgniter\View\View->include('includes/footer0includes')
 4 SYSTEMPATH\View\View.php(234): include('D:\\wamp64\\www\\work\\DigitalID\\app\\Views\\layout\\layout.php')
 5 SYSTEMPATH\View\View.php(237): CodeIgniter\View\View->CodeIgniter\View\{closure}()
 6 SYSTEMPATH\View\View.php(250): CodeIgniter\View\View->render('layout/layout', [], true)
 7 SYSTEMPATH\Common.php(1171): CodeIgniter\View\View->render('home', [], true)
 8 APPPATH\Controllers\Home.php(9): view('home')
 9 SYSTEMPATH\CodeIgniter.php(933): App\Controllers\Home->index()
10 SYSTEMPATH\CodeIgniter.php(509): CodeIgniter\CodeIgniter->runController(Object(App\Controllers\Home))
11 SYSTEMPATH\CodeIgniter.php(355): CodeIgniter\CodeIgniter->handleRequest(null, Object(Config\Cache), false)
12 SYSTEMPATH\Boot.php(325): CodeIgniter\CodeIgniter->run()
13 SYSTEMPATH\Boot.php(67): CodeIgniter\Boot::runCodeIgniter(Object(CodeIgniter\CodeIgniter))
14 FCPATH\index.php(56): CodeIgniter\Boot::bootWeb(Object(Config\Paths))
15 SYSTEMPATH\rewrite.php(44): require_once('D:\\wamp64\\www\\work\\DigitalID\\public\\index.php')
CRITICAL - 2024-10-09 05:36:31 --> CodeIgniter\View\Exceptions\ViewException: Invalid file: "includes/footer0includes.php"
[Method: GET, Route: /]
in SYSTEMPATH\Exceptions\FrameworkException.php on line 41.
 1 SYSTEMPATH\View\View.php(222): CodeIgniter\Exceptions\FrameworkException::forInvalidFile('includes/footer0includes.php')
 2 SYSTEMPATH\View\View.php(487): CodeIgniter\View\View->render('includes/footer0includes', null, true)
 3 APPPATH\Views\layout\layout.php(16): CodeIgniter\View\View->include('includes/footer0includes')
 4 SYSTEMPATH\View\View.php(234): include('D:\\wamp64\\www\\work\\DigitalID\\app\\Views\\layout\\layout.php')
 5 SYSTEMPATH\View\View.php(237): CodeIgniter\View\View->CodeIgniter\View\{closure}()
 6 SYSTEMPATH\View\View.php(250): CodeIgniter\View\View->render('layout/layout', [], true)
 7 SYSTEMPATH\Common.php(1171): CodeIgniter\View\View->render('home', [], true)
 8 APPPATH\Controllers\Home.php(9): view('home')
 9 SYSTEMPATH\CodeIgniter.php(933): App\Controllers\Home->index()
10 SYSTEMPATH\CodeIgniter.php(509): CodeIgniter\CodeIgniter->runController(Object(App\Controllers\Home))
11 SYSTEMPATH\CodeIgniter.php(355): CodeIgniter\CodeIgniter->handleRequest(null, Object(Config\Cache), false)
12 SYSTEMPATH\Boot.php(325): CodeIgniter\CodeIgniter->run()
13 SYSTEMPATH\Boot.php(67): CodeIgniter\Boot::runCodeIgniter(Object(CodeIgniter\CodeIgniter))
14 FCPATH\index.php(56): CodeIgniter\Boot::bootWeb(Object(Config\Paths))
15 SYSTEMPATH\rewrite.php(44): require_once('D:\\wamp64\\www\\work\\DigitalID\\public\\index.php')
CRITICAL - 2024-10-09 05:36:34 --> CodeIgniter\View\Exceptions\ViewException: Invalid file: "includes/footer0includes.php"
[Method: GET, Route: /]
in SYSTEMPATH\Exceptions\FrameworkException.php on line 41.
 1 SYSTEMPATH\View\View.php(222): CodeIgniter\Exceptions\FrameworkException::forInvalidFile('includes/footer0includes.php')
 2 SYSTEMPATH\View\View.php(487): CodeIgniter\View\View->render('includes/footer0includes', null, true)
 3 APPPATH\Views\layout\layout.php(16): CodeIgniter\View\View->include('includes/footer0includes')
 4 SYSTEMPATH\View\View.php(234): include('D:\\wamp64\\www\\work\\DigitalID\\app\\Views\\layout\\layout.php')
 5 SYSTEMPATH\View\View.php(237): CodeIgniter\View\View->CodeIgniter\View\{closure}()
 6 SYSTEMPATH\View\View.php(250): CodeIgniter\View\View->render('layout/layout', [], true)
 7 SYSTEMPATH\Common.php(1171): CodeIgniter\View\View->render('home', [], true)
 8 APPPATH\Controllers\Home.php(9): view('home')
 9 SYSTEMPATH\CodeIgniter.php(933): App\Controllers\Home->index()
10 SYSTEMPATH\CodeIgniter.php(509): CodeIgniter\CodeIgniter->runController(Object(App\Controllers\Home))
11 SYSTEMPATH\CodeIgniter.php(355): CodeIgniter\CodeIgniter->handleRequest(null, Object(Config\Cache), false)
12 SYSTEMPATH\Boot.php(325): CodeIgniter\CodeIgniter->run()
13 SYSTEMPATH\Boot.php(67): CodeIgniter\Boot::runCodeIgniter(Object(CodeIgniter\CodeIgniter))
14 FCPATH\index.php(56): CodeIgniter\Boot::bootWeb(Object(Config\Paths))
15 SYSTEMPATH\rewrite.php(44): require_once('D:\\wamp64\\www\\work\\DigitalID\\public\\index.php')
